<?xml version="1.0" encoding="utf-8"?><testsuites name="pytest tests"><testsuite name="pytest" errors="0" failures="0" skipped="0" tests="10" time="49.318" timestamp="2026-06-17T17:02:11.875663+00:00" hostname="agent-env-20fa349a-6259-4240-b60d-48b3930d59cf"><testcase classname="backend.tests.test_accessories.TestListGenerations" name="test_list_returns_200_not_500" time="2.345" /><testcase classname="backend.tests.test_accessories.TestListGenerations" name="test_list_has_no_heavy_images_field" time="0.421" /><testcase classname="backend.tests.test_accessories.TestGenerationNoAccessories" name="test_post_without_accessories_does_not_500" time="15.160" /><testcase classname="backend.tests.test_accessories.TestGenerationWithAccessories" name="test_post_with_accessories_works_and_excludes_from_params" time="14.945" /><testcase classname="backend.tests.test_accessories.TestGenerationInvalidCategory" name="test_unknown_category_still_accepted" time="14.244" /><testcase classname="backend.tests.test_accessories.TestAccessorySchemaValidation" name="test_missing_image_base64_returns_422" time="0.045" /><testcase classname="backend.tests.test_accessories.TestAccessorySchemaValidation" name="test_missing_category_returns_422" time="0.043" /><testcase classname="backend.tests.test_accessories.TestComposeAccessoriesSuffixUnit" name="test_empty_returns_empty_string" time="2.079" /><testcase classname="backend.tests.test_accessories.TestComposeAccessoriesSuffixUnit" name="test_ref_indexes_are_after_garments" time="0.000" /><testcase classname="backend.tests.test_accessories.TestComposeAccessoriesSuffixUnit" name="test_unknown_category_falls_back_to_altro" time="0.001" /></testsuite></testsuites>