<?xml version="1.0" encoding="utf-8"?><testsuites name="pytest tests"><testsuite name="pytest" errors="0" failures="0" skipped="0" tests="24" time="59.588" timestamp="2026-05-16T17:02:27.706080+00:00" hostname="agent-env-20fa349a-6259-4240-b60d-48b3930d59cf"><testcase classname="tests.test_dressvibe_api.TestHealth" name="test_root" time="0.259" /><testcase classname="tests.test_dressvibe_api.TestAuth" name="test_create_session_invalid_id_returns_401" time="0.149" /><testcase classname="tests.test_dressvibe_api.TestAuth" name="test_auth_me_without_token_returns_401" time="0.050" /><testcase classname="tests.test_dressvibe_api.TestAuth" name="test_auth_me_with_bad_token_returns_401" time="0.047" /><testcase classname="tests.test_dressvibe_api.TestAuth" name="test_auth_me_with_valid_token_returns_user" time="0.056" /><testcase classname="tests.test_dressvibe_api.TestCategories" name="test_get_categories" time="0.046" /><testcase classname="tests.test_dressvibe_api.TestAuthEnforcement" name="test_no_token_returns_401[GET-/api/auth/me-None]" time="0.057" /><testcase classname="tests.test_dressvibe_api.TestAuthEnforcement" name="test_no_token_returns_401[GET-/api/garments-None]" time="0.050" /><testcase classname="tests.test_dressvibe_api.TestAuthEnforcement" name="test_no_token_returns_401[POST-/api/garments-body2]" time="0.046" /><testcase classname="tests.test_dressvibe_api.TestAuthEnforcement" name="test_no_token_returns_401[GET-/api/generations-None]" time="0.049" /><testcase classname="tests.test_dressvibe_api.TestAuthEnforcement" name="test_no_token_returns_401[POST-/api/generations-body4]" time="0.048" /><testcase classname="tests.test_dressvibe_api.TestAuthEnforcement" name="test_no_token_returns_401[POST-/api/studio/edit-body5]" time="0.048" /><testcase classname="tests.test_dressvibe_api.TestAuthEnforcement" name="test_no_token_returns_401[GET-/api/clients-None]" time="0.047" /><testcase classname="tests.test_dressvibe_api.TestAuthEnforcement" name="test_no_token_returns_401[POST-/api/clients-body7]" time="0.048" /><testcase classname="tests.test_dressvibe_api.TestAuthEnforcement" name="test_no_token_returns_401[POST-/api/caption-body8]" time="0.046" /><testcase classname="tests.test_dressvibe_api.TestAuthEnforcement" name="test_no_token_returns_401[GET-/api/stats-None]" time="0.047" /><testcase classname="tests.test_dressvibe_api.TestGarmentsCRUD" name="test_create_list_get_delete" time="0.306" /><testcase classname="tests.test_dressvibe_api.TestVirtualClientsCRUD" name="test_create_list_delete" time="0.144" /><testcase classname="tests.test_dressvibe_api.TestStats" name="test_stats_keys" time="0.053" /><testcase classname="tests.test_dressvibe_api.TestCaption" name="test_generate_caption" time="1.252" /><testcase classname="tests.test_dressvibe_api.TestGenerations" name="test_generation_empty_garment_ids_400" time="0.052" /><testcase classname="tests.test_dressvibe_api.TestGenerations" name="test_generation_unknown_garment_returns_404" time="0.056" /><testcase classname="tests.test_dressvibe_api.TestGenerations" name="test_create_list_get_delete_generation" time="38.773" /><testcase classname="tests.test_dressvibe_api.TestStudio" name="test_studio_edit_returns_image" time="17.812" /></testsuite></testsuites>