<?xml version="1.0" encoding="utf-8"?><testsuites name="pytest tests"><testsuite name="pytest" errors="0" failures="0" skipped="0" tests="6" time="77.410" timestamp="2026-06-17T17:20:06.639681+00:00" hostname="agent-env-20fa349a-6259-4240-b60d-48b3930d59cf"><testcase classname="backend.tests.test_studio_edit_accessories.TestStudioEditNoAccessories" name="test_post_without_accessories" time="20.791" /><testcase classname="backend.tests.test_studio_edit_accessories.TestStudioEditWithAccessories" name="test_post_with_accessories" time="15.150" /><testcase classname="backend.tests.test_studio_edit_accessories.TestStudioEditSchemaValidation" name="test_missing_image_base64_in_accessory_returns_422" time="0.060" /><testcase classname="backend.tests.test_studio_edit_accessories.TestStudioEditSchemaValidation" name="test_missing_category_in_accessory_returns_422" time="0.054" /><testcase classname="backend.tests.test_studio_edit_accessories.TestStudioEditEmptyAccessoriesList" name="test_empty_list_behaves_like_no_field" time="12.858" /><testcase classname="backend.tests.test_studio_edit_accessories.TestStudioEditGenIdLinkage" name="test_edited_image_is_appended_with_correct_index" time="28.471" /></testsuite></testsuites>